<?xml version="1.0" encoding="UTF-8"?>
<!-- Generated by org.testng.reporters.JUnitXMLReporter -->
<testsuite ignored="0" hostname="DESKTOP-554G7MR" failures="1" tests="7" name="Test" time="0.103" errors="0" timestamp="2022-02-19T12:20:09 IST">
  <testcase classname="com.edusol.runner.NewTest" name="test1" time="0.017">
    <skipped/>
  </testcase> <!-- test1 -->
  <testcase classname="com.edusol.runner.NewTest" name="test1" time="0.002">
    <skipped/>
  </testcase> <!-- test1 -->
  <testcase classname="com.edusol.runner.NewTest" name="test1" time="0.003">
    <skipped/>
  </testcase> <!-- test1 -->
  <testcase classname="com.edusol.runner.NewTest" name="test1" time="0.002">
    <skipped/>
  </testcase> <!-- test1 -->
  <testcase classname="com.edusol.runner.NewTest" name="test1" time="0.001">
    <skipped/>
  </testcase> <!-- test1 -->
  <testcase classname="com.edusol.runner.NewTest" name="test1" time="0.001">
    <failure type="java.lang.AssertionError" message="expected [true] but found [false]">
      <![CDATA[java.lang.AssertionError: expected [true] but found [false]
at com.edusol.runner.NewTest.test1(NewTest.java:15)
at java.base/java.util.ArrayList.forEach(ArrayList.java:1511)
... Removed 31 stack frames]]>
    </failure>
  </testcase> <!-- test1 -->
  <testcase classname="com.edusol.runner.NewTest" name="test2" time="0.003"/>
</testsuite> <!-- Test -->
